<?xml version="1.0" encoding="UTF-8"?>
<!-- Generated by org.testng.reporters.JUnitXMLReporter -->
<testsuite ignored="0" hostname="Cosminas-MacBook-Air.local" failures="1" tests="5" name="Surefire test" time="1.279" errors="0" timestamp="2023-03-17T17:38:35 EET">
  <testcase classname="Test.BaseUITest" name="@BeforeClass setUp" time="0.001">
    <failure type="java.io.FileNotFoundException" message="src\test\resources\application.properties (No such file or directory)">
      <![CDATA[java.io.FileNotFoundException: src\test\resources\application.properties (No such file or directory)
at java.base/java.io.FileInputStream.open0(Native Method)
at java.base/java.io.FileInputStream.open(FileInputStream.java:219)
at java.base/java.io.FileInputStream.<init>(FileInputStream.java:158)
at java.base/java.io.FileInputStream.<init>(FileInputStream.java:112)
at Utils.SeleniumUtils.readProperties(SeleniumUtils.java:73)
at Test.BaseUITest.setUp(BaseUITest.java:21)
at java.base/java.util.ArrayList.forEach(ArrayList.java:1511)
... Removed 28 stack frames]]>
    </failure>
  </testcase> <!-- @BeforeClass setUp -->
  <testcase classname="Test.BaseUITest" name="@AfterClass close" time="0.0">
    <skipped/>
  </testcase> <!-- @AfterClass close -->
  <testcase classname="Test.BaseUITest" name="@BeforeClass setUp" time="0.0">
    <failure type="java.io.FileNotFoundException" message="src\test\resources\application.properties (No such file or directory)">
      <![CDATA[java.io.FileNotFoundException: src\test\resources\application.properties (No such file or directory)
at java.base/java.io.FileInputStream.open0(Native Method)
at java.base/java.io.FileInputStream.open(FileInputStream.java:219)
at java.base/java.io.FileInputStream.<init>(FileInputStream.java:158)
at java.base/java.io.FileInputStream.<init>(FileInputStream.java:112)
at Utils.SeleniumUtils.readProperties(SeleniumUtils.java:73)
at Test.BaseUITest.setUp(BaseUITest.java:21)
at java.base/java.util.ArrayList.forEach(ArrayList.java:1511)
... Removed 28 stack frames]]>
    </failure>
  </testcase> <!-- @BeforeClass setUp -->
  <testcase classname="Test.BaseUITest" name="@AfterClass close" time="0.0">
    <skipped/>
  </testcase> <!-- @AfterClass close -->
  <testcase classname="Test.GoogleTest" name="SearchGoogleTest" time="1.087">
    <failure type="org.openqa.selenium.remote.http.ConnectionFailedException" message="Unable to establish websocket connection to http://localhost:64414/devtools/browser/aa4824f7-835b-4750-acab-8f410504606d
Build info: version: &amp;apos;4.7.2&amp;apos;, revision: &amp;apos;4d4020c3b7&amp;apos;
System info: os.name: &amp;apos;Mac OS X&amp;apos;, os.arch: &amp;apos;aarch64&amp;apos;, os.version: &amp;apos;12.4&amp;apos;, java.version: &amp;apos;19.0.2&amp;apos;
Driver info: driver.version: ChromeDriver">
      <![CDATA[org.openqa.selenium.remote.http.ConnectionFailedException: Unable to establish websocket connection to http://localhost:64414/devtools/browser/aa4824f7-835b-4750-acab-8f410504606d
Build info: version: '4.7.2', revision: '4d4020c3b7'
System info: os.name: 'Mac OS X', os.arch: 'aarch64', os.version: '12.4', java.version: '19.0.2'
Driver info: driver.version: ChromeDriver
at org.openqa.selenium.remote.http.netty.NettyWebSocket.<init>(NettyWebSocket.java:102)
at org.openqa.selenium.remote.http.netty.NettyWebSocket.lambda$create$3(NettyWebSocket.java:128)
at org.openqa.selenium.remote.http.netty.NettyClient.openSocket(NettyClient.java:107)
at org.openqa.selenium.devtools.Connection.<init>(Connection.java:78)
at org.openqa.selenium.chromium.ChromiumDriver.lambda$new$2(ChromiumDriver.java:116)
at java.base/java.util.Optional.map(Optional.java:260)
at org.openqa.selenium.chromium.ChromiumDriver.<init>(ChromiumDriver.java:114)
at org.openqa.selenium.chrome.ChromeDriver.<init>(ChromeDriver.java:82)
at org.openqa.selenium.chrome.ChromeDriver.<init>(ChromeDriver.java:50)
at Test.GoogleTest.SearchGoogleTest(GoogleTest.java:22)
at java.base/java.util.ArrayList.forEach(ArrayList.java:1511)
... Removed 30 stack frames]]>
    </failure>
  </testcase> <!-- SearchGoogleTest -->
  <testcase classname="Test.SignUpPageTest" name="testIfSignUpPageIsAvailable" time="0.0">
    <skipped/>
  </testcase> <!-- testIfSignUpPageIsAvailable -->
  <testcase classname="Test.SignUpPageTest" name="testIfSignUpPageIsAvailable" time="0.0">
    <skipped/>
  </testcase> <!-- testIfSignUpPageIsAvailable -->
  <testcase classname="Test.SignUpPageTest" name="testIfSignUpPageIsAvailable" time="0.0">
    <skipped/>
  </testcase> <!-- testIfSignUpPageIsAvailable -->
  <testcase classname="Test.SignUpTest" name="testNegativeSignUp" time="0.0">
    <skipped/>
  </testcase> <!-- testNegativeSignUp -->
</testsuite> <!-- Surefire test -->
